C:\USERS\STUDENT\AAA\2013_MP_PROJECT_MODIFY_2 (1)\DEBUG\ADDRESS_TRANSLATION.OBJ
C:\USERS\STUDENT\AAA\2013_MP_PROJECT_MODIFY_2 (1)\DEBUG\FTL.OBJ
C:\USERS\STUDENT\AAA\2013_MP_PROJECT_MODIFY_2 (1)\DEBUG\GARBAGE_COLLECTION.OBJ
C:\USERS\STUDENT\AAA\2013_MP_PROJECT_MODIFY_2 (1)\DEBUG\INITIALIZATION.OBJ
C:\USERS\STUDENT\AAA\2013_MP_PROJECT_MODIFY_2 (1)\DEBUG\MAIN.OBJ
C:\USERS\STUDENT\AAA\2013_MP_PROJECT_MODIFY_2 (1)\DEBUG\MP_PROJECT.EXE
C:\USERS\STUDENT\AAA\2013_MP_PROJECT_MODIFY_2 (1)\DEBUG\MP_PROJECT.EXE.INTERMEDIATE.MANIFEST
C:\USERS\STUDENT\AAA\2013_MP_PROJECT_MODIFY_2 (1)\DEBUG\MP_PROJECT.ILK
C:\USERS\STUDENT\AAA\2013_MP_PROJECT_MODIFY_2 (1)\DEBUG\MP_PROJECT.PDB
C:\USERS\STUDENT\AAA\2013_MP_PROJECT_MODIFY_2 (1)\DEBUG\NAND_COMMAND.OBJ
C:\USERS\STUDENT\AAA\2013_MP_PROJECT_MODIFY_2 (1)\DEBUG\VC100.PDB
C:\USERS\STUDENT\DOWNLOADS\2013_MP_PROJECT_MODIFY_2 (1).REPAIR\2013_MP_PROJECT_MODIFY_2 (1)\DEBUG\ADDRESS_TRANSLATION.OBJ
C:\USERS\STUDENT\DOWNLOADS\2013_MP_PROJECT_MODIFY_2 (1).REPAIR\2013_MP_PROJECT_MODIFY_2 (1)\DEBUG\FTL.OBJ
C:\USERS\STUDENT\DOWNLOADS\2013_MP_PROJECT_MODIFY_2 (1).REPAIR\2013_MP_PROJECT_MODIFY_2 (1)\DEBUG\GARBAGE_COLLECTION.OBJ
C:\USERS\STUDENT\DOWNLOADS\2013_MP_PROJECT_MODIFY_2 (1).REPAIR\2013_MP_PROJECT_MODIFY_2 (1)\DEBUG\INITIALIZATION.OBJ
C:\USERS\STUDENT\DOWNLOADS\2013_MP_PROJECT_MODIFY_2 (1).REPAIR\2013_MP_PROJECT_MODIFY_2 (1)\DEBUG\MAIN.OBJ
C:\USERS\STUDENT\DOWNLOADS\2013_MP_PROJECT_MODIFY_2 (1).REPAIR\2013_MP_PROJECT_MODIFY_2 (1)\DEBUG\MP_PROJECT.EXE
C:\USERS\STUDENT\DOWNLOADS\2013_MP_PROJECT_MODIFY_2 (1).REPAIR\2013_MP_PROJECT_MODIFY_2 (1)\DEBUG\MP_PROJECT.EXE.INTERMEDIATE.MANIFEST
C:\USERS\STUDENT\DOWNLOADS\2013_MP_PROJECT_MODIFY_2 (1).REPAIR\2013_MP_PROJECT_MODIFY_2 (1)\DEBUG\MP_PROJECT.ILK
C:\USERS\STUDENT\DOWNLOADS\2013_MP_PROJECT_MODIFY_2 (1).REPAIR\2013_MP_PROJECT_MODIFY_2 (1)\DEBUG\MP_PROJECT.PDB
C:\USERS\STUDENT\DOWNLOADS\2013_MP_PROJECT_MODIFY_2 (1).REPAIR\2013_MP_PROJECT_MODIFY_2 (1)\DEBUG\NAND_COMMAND.OBJ
C:\USERS\STUDENT\DOWNLOADS\2013_MP_PROJECT_MODIFY_2 (1).REPAIR\2013_MP_PROJECT_MODIFY_2 (1)\DEBUG\VC100.PDB
C:\USERS\STUDENT\DOWNLOADS\2013_MP_PROJECT_MODIFY_2 (1)\DEBUG\ADDRESS_TRANSLATION.OBJ
C:\USERS\STUDENT\DOWNLOADS\2013_MP_PROJECT_MODIFY_2 (1)\DEBUG\FTL.OBJ
C:\USERS\STUDENT\DOWNLOADS\2013_MP_PROJECT_MODIFY_2 (1)\DEBUG\GARBAGE_COLLECTION.OBJ
C:\USERS\STUDENT\DOWNLOADS\2013_MP_PROJECT_MODIFY_2 (1)\DEBUG\INITIALIZATION.OBJ
C:\USERS\STUDENT\DOWNLOADS\2013_MP_PROJECT_MODIFY_2 (1)\DEBUG\MAIN.OBJ
C:\USERS\STUDENT\DOWNLOADS\2013_MP_PROJECT_MODIFY_2 (1)\DEBUG\MP_PROJECT.EXE
C:\USERS\STUDENT\DOWNLOADS\2013_MP_PROJECT_MODIFY_2 (1)\DEBUG\MP_PROJECT.EXE.INTERMEDIATE.MANIFEST
C:\USERS\STUDENT\DOWNLOADS\2013_MP_PROJECT_MODIFY_2 (1)\DEBUG\MP_PROJECT.ILK
C:\USERS\STUDENT\DOWNLOADS\2013_MP_PROJECT_MODIFY_2 (1)\DEBUG\MP_PROJECT.PDB
C:\USERS\STUDENT\DOWNLOADS\2013_MP_PROJECT_MODIFY_2 (1)\DEBUG\NAND_COMMAND.OBJ
C:\USERS\STUDENT\DOWNLOADS\2013_MP_PROJECT_MODIFY_2 (1)\DEBUG\VC100.PDB
C:\USERS\USER\DOWNLOADS\2013_MP_PROJECT_MODIFY_2 (1)\DEBUG\ADDRESS_TRANSLATION.OBJ
C:\USERS\USER\DOWNLOADS\2013_MP_PROJECT_MODIFY_2 (1)\DEBUG\FTL.OBJ
C:\USERS\USER\DOWNLOADS\2013_MP_PROJECT_MODIFY_2 (1)\DEBUG\GARBAGE_COLLECTION.OBJ
C:\USERS\USER\DOWNLOADS\2013_MP_PROJECT_MODIFY_2 (1)\DEBUG\INITIALIZATION.OBJ
C:\USERS\USER\DOWNLOADS\2013_MP_PROJECT_MODIFY_2 (1)\DEBUG\MAIN.OBJ
C:\USERS\USER\DOWNLOADS\2013_MP_PROJECT_MODIFY_2 (1)\DEBUG\MP_PROJECT.EXE
C:\USERS\USER\DOWNLOADS\2013_MP_PROJECT_MODIFY_2 (1)\DEBUG\MP_PROJECT.EXE.INTERMEDIATE.MANIFEST
C:\USERS\USER\DOWNLOADS\2013_MP_PROJECT_MODIFY_2 (1)\DEBUG\MP_PROJECT.ILK
C:\USERS\USER\DOWNLOADS\2013_MP_PROJECT_MODIFY_2 (1)\DEBUG\MP_PROJECT.PDB
C:\USERS\USER\DOWNLOADS\2013_MP_PROJECT_MODIFY_2 (1)\DEBUG\NAND_COMMAND.OBJ
C:\USERS\USER\DOWNLOADS\2013_MP_PROJECT_MODIFY_2 (1)\DEBUG\VC100.PDB
D:\연구자료\+조교자료\14-2 마이크로프로세서\PROJECT\예전자료\프로젝트_2008142157_이효진_2008142175_박영민\2013_MP_PROJECT_MODIFY_2\DEBUG\ADDRESS_TRANSLATION.OBJ
D:\연구자료\+조교자료\14-2 마이크로프로세서\Project\예전자료\프로젝트_2008142157_이효진_2008142175_박영민\2013_MP_Project_modify_2\Debug\cl.command.1.tlog
D:\연구자료\+조교자료\14-2 마이크로프로세서\Project\예전자료\프로젝트_2008142157_이효진_2008142175_박영민\2013_MP_Project_modify_2\Debug\CL.read.1.tlog
D:\연구자료\+조교자료\14-2 마이크로프로세서\Project\예전자료\프로젝트_2008142157_이효진_2008142175_박영민\2013_MP_Project_modify_2\Debug\CL.write.1.tlog
D:\연구자료\+조교자료\14-2 마이크로프로세서\PROJECT\예전자료\프로젝트_2008142157_이효진_2008142175_박영민\2013_MP_PROJECT_MODIFY_2\DEBUG\FTL.OBJ
D:\연구자료\+조교자료\14-2 마이크로프로세서\PROJECT\예전자료\프로젝트_2008142157_이효진_2008142175_박영민\2013_MP_PROJECT_MODIFY_2\DEBUG\GARBAGE_COLLECTION.OBJ
D:\연구자료\+조교자료\14-2 마이크로프로세서\PROJECT\예전자료\프로젝트_2008142157_이효진_2008142175_박영민\2013_MP_PROJECT_MODIFY_2\DEBUG\INITIALIZATION.OBJ
D:\연구자료\+조교자료\14-2 마이크로프로세서\Project\예전자료\프로젝트_2008142157_이효진_2008142175_박영민\2013_MP_Project_modify_2\Debug\link.command.1.tlog
D:\연구자료\+조교자료\14-2 마이크로프로세서\Project\예전자료\프로젝트_2008142157_이효진_2008142175_박영민\2013_MP_Project_modify_2\Debug\link.read.1.tlog
D:\연구자료\+조교자료\14-2 마이크로프로세서\Project\예전자료\프로젝트_2008142157_이효진_2008142175_박영민\2013_MP_Project_modify_2\Debug\link.write.1.tlog
D:\연구자료\+조교자료\14-2 마이크로프로세서\PROJECT\예전자료\프로젝트_2008142157_이효진_2008142175_박영민\2013_MP_PROJECT_MODIFY_2\DEBUG\MAIN.OBJ
D:\연구자료\+조교자료\14-2 마이크로프로세서\PROJECT\예전자료\프로젝트_2008142157_이효진_2008142175_박영민\2013_MP_PROJECT_MODIFY_2\DEBUG\MP_PROJECT.EXE
D:\연구자료\+조교자료\14-2 마이크로프로세서\PROJECT\예전자료\프로젝트_2008142157_이효진_2008142175_박영민\2013_MP_PROJECT_MODIFY_2\DEBUG\MP_PROJECT.EXE.INTERMEDIATE.MANIFEST
D:\연구자료\+조교자료\14-2 마이크로프로세서\PROJECT\예전자료\프로젝트_2008142157_이효진_2008142175_박영민\2013_MP_PROJECT_MODIFY_2\DEBUG\MP_PROJECT.ILK
D:\연구자료\+조교자료\14-2 마이크로프로세서\PROJECT\예전자료\프로젝트_2008142157_이효진_2008142175_박영민\2013_MP_PROJECT_MODIFY_2\DEBUG\MP_PROJECT.PDB
D:\연구자료\+조교자료\14-2 마이크로프로세서\Project\예전자료\프로젝트_2008142157_이효진_2008142175_박영민\2013_MP_Project_modify_2\Debug\mt.command.1.tlog
D:\연구자료\+조교자료\14-2 마이크로프로세서\Project\예전자료\프로젝트_2008142157_이효진_2008142175_박영민\2013_MP_Project_modify_2\Debug\mt.read.1.tlog
D:\연구자료\+조교자료\14-2 마이크로프로세서\Project\예전자료\프로젝트_2008142157_이효진_2008142175_박영민\2013_MP_Project_modify_2\Debug\mt.write.1.tlog
D:\연구자료\+조교자료\14-2 마이크로프로세서\PROJECT\예전자료\프로젝트_2008142157_이효진_2008142175_박영민\2013_MP_PROJECT_MODIFY_2\DEBUG\NAND_COMMAND.OBJ
D:\연구자료\+조교자료\14-2 마이크로프로세서\Project\예전자료\프로젝트_2008142157_이효진_2008142175_박영민\2013_MP_Project_modify_2\Debug\vc100.idb
D:\연구자료\+조교자료\14-2 마이크로프로세서\PROJECT\예전자료\프로젝트_2008142157_이효진_2008142175_박영민\2013_MP_PROJECT_MODIFY_2\DEBUG\VC100.PDB
